TN:
SF:src/exercises/convertToLowercase/index.ts
FN:1,convertToLowercase
FNF:1
FNH:1
FNDA:3,convertToLowercase
DA:1,1
DA:2,3
LF:2
LH:2
BRF:0
BRH:0
end_of_record
TN:
SF:src/exercises/multiplyArrays/index.ts
FN:1,multiplyArrays
FNF:1
FNH:1
FNDA:4,multiplyArrays
DA:1,1
DA:2,4
DA:3,1
DA:6,3
DA:7,1
DA:10,2
DA:11,2
DA:12,6
DA:15,2
LF:9
LH:9
BRDA:2,0,0,1
BRDA:2,1,0,4
BRDA:2,1,1,4
BRDA:6,2,0,1
BRF:4
BRH:4
end_of_record
TN:
SF:src/exercises/multiplyArrays2/index.ts
FN:1,multiplyArrays
FN:9,(anonymous_1)
FNF:2
FNH:2
FNDA:5,multiplyArrays
FNDA:9,(anonymous_1)
DA:1,1
DA:2,5
DA:4,5
DA:6,4
DA:7,4
DA:9,9
LF:6
LH:6
BRDA:4,0,0,1
BRDA:6,1,0,4
BRDA:6,1,1,3
BRDA:7,2,0,1
BRF:4
BRH:4
end_of_record
TN:
SF:src/exercises/removeDuplicates/index.ts
FN:1,removeDuplicates
FNF:1
FNH:1
FNDA:1,removeDuplicates
DA:1,1
DA:2,1
LF:2
LH:2
BRF:0
BRH:0
end_of_record
TN:
SF:src/exercises/removeDuplicates2/index.ts
FN:1,removeDuplicates
FNF:1
FNH:1
FNDA:1,removeDuplicates
DA:1,1
DA:2,1
LF:2
LH:2
BRF:0
BRH:0
end_of_record
TN:
SF:src/exercises/validation/age/index.ts
FN:4,(anonymous_0)
FNF:1
FNH:1
FNDA:4,(anonymous_0)
DA:1,1
DA:3,1
DA:5,4
DA:6,4
DA:7,4
DA:9,3
DA:11,1
LF:7
LH:7
BRF:0
BRH:0
end_of_record
TN:
SF:src/exercises/validation/number/index.ts
FN:2,(anonymous_0)
FN:12,(anonymous_1)
FN:22,(anonymous_2)
FNF:3
FNH:3
FNDA:29,(anonymous_0)
FNDA:11,(anonymous_1)
FNDA:11,(anonymous_2)
DA:1,2
DA:3,29
DA:5,29
DA:6,1
DA:9,28
DA:13,11
DA:15,11
DA:16,3
DA:19,8
DA:23,11
DA:25,11
DA:26,4
DA:29,7
LF:13
LH:13
BRDA:5,0,0,1
BRDA:15,1,0,3
BRDA:25,2,0,4
BRF:3
BRH:3
end_of_record
