TN:
SF:src/exercises/hexaToRgb/colorConverter/index.ts
FN:6,(anonymous_2)
FN:8,(anonymous_3)
FNF:2
FNH:2
FNDA:1,(anonymous_2)
FNDA:10,(anonymous_3)
DA:1,1
DA:2,1
DA:5,1
DA:6,1
DA:9,10
DA:10,1
DA:13,9
DA:14,3
DA:17,6
DA:18,6
DA:19,2
DA:24,4
DA:25,4
DA:26,4
DA:28,4
DA:29,4
DA:30,2
DA:31,2
DA:33,2
DA:35,2
LF:20
LH:20
BRDA:9,0,0,1
BRDA:13,1,0,3
BRDA:18,2,0,2
BRF:3
BRH:3
end_of_record
TN:
SF:src/exercises/hexaToRgb/tintConverter/index.ts
FN:4,(anonymous_1)
FN:7,(anonymous_2)
FNF:2
FNH:1
FNDA:1,(anonymous_1)
FNDA:0,(anonymous_2)
DA:1,1
DA:4,1
DA:5,1
DA:8,0
DA:9,0
DA:12,0
DA:13,0
DA:14,0
DA:19,0
DA:20,0
DA:22,0
DA:23,0
DA:25,0
DA:26,0
DA:29,0
LF:15
LH:3
BRDA:8,0,0,0
BRDA:13,1,0,0
BRDA:25,2,0,0
BRDA:25,3,0,0
BRDA:25,3,1,0
BRF:5
BRH:0
end_of_record
